<?xml version="1.0" encoding="UTF-8"?>
<beans xmlns:xsi="http://www.w3.org/2001/XMLSchema-instance"
  xmlns="http://www.springframework.org/schema/beans"
  xsi:schemaLocation="http://www.springframework.org/schema/beans
						http://www.springframework.org/schema/beans/spring-beans-3.0.xsd">

  <bean class="org.springframework.jdbc.datasource.SimpleDriverDataSource" id="dataSource">
    <property name="driverClass" value="org.mariadb.jdbc.Driver"/>
    <property name="url"
      value="jdbc:mariadb://localhost:3306/testspring?useUnicode=true&amp;characterEncoding=utf8mb4"/>
    <property name="username" value="root"/>
    <property name="password" value="root"/>
  </bean>

  <bean class="com.spring.example.dao.JdbcContext" id="jdbcContext">
    <property name="dataSource" ref="dataSource"/>
  </bean>

  <bean class="com.spring.example.dao.UserDao" id="userDao">
    <property name="dataSource" ref="dataSource"/>
    <property name="jdbcContext" ref="jdbcContext"/>
  </bean>

</beans>
